2017-05-22 14:05:43 INFO  NetworkController:25 - Oracle JDBC Driver Registered!
2017-05-22 14:05:43 INFO  Controller:40 - Start session
2017-05-22 14:05:43 ERROR SQLCommandExecuter:174 - Stream has already been closed
2017-05-22 14:05:48 INFO  SQLCommandExecuter:120 - Rename column: ALTER TABLE DEPT RENAME DEPTNO TO DEPTN
2017-05-22 14:05:48 ERROR SQLCommandExecuter:127 - ORA-14155: missing PARTITION or SUBPARTITION keyword

2017-05-22 14:07:43 INFO  NetworkController:25 - Oracle JDBC Driver Registered!
2017-05-22 14:07:43 INFO  Controller:40 - Start session
2017-05-22 14:07:44 ERROR SQLCommandExecuter:174 - Stream has already been closed
2017-05-22 14:07:50 INFO  SQLCommandExecuter:120 - Rename column: ALTER TABLE DEPT RENAME COLUMN DEPTNO TO DEPTN
2017-05-22 14:10:16 INFO  NetworkController:25 - Oracle JDBC Driver Registered!
2017-05-22 14:10:16 INFO  Controller:40 - Start session
2017-05-22 14:10:16 ERROR SQLCommandExecuter:174 - Stream has already been closed
2017-05-22 14:15:29 INFO  NetworkController:25 - Oracle JDBC Driver Registered!
2017-05-22 14:15:30 INFO  Controller:40 - Start session
2017-05-22 14:16:06 INFO  NetworkController:25 - Oracle JDBC Driver Registered!
2017-05-22 14:16:06 INFO  Controller:40 - Start session
2017-05-22 14:16:30 INFO  NetworkController:25 - Oracle JDBC Driver Registered!
2017-05-22 14:16:31 INFO  Controller:40 - Start session
2017-05-22 14:16:31 ERROR SQLCommandExecuter:175 - Stream has already been closed
2017-05-22 14:16:44 INFO  NetworkController:25 - Oracle JDBC Driver Registered!
2017-05-22 14:16:44 INFO  Controller:40 - Start session
2017-05-22 14:16:45 ERROR SQLCommandExecuter:175 - Stream has already been closed
2017-05-22 14:21:57 INFO  NetworkController:25 - Oracle JDBC Driver Registered!
2017-05-22 14:21:57 INFO  Controller:40 - Start session
2017-05-22 14:21:58 ERROR SQLCommandExecuter:175 - Stream has already been closed
2017-05-22 14:22:55 INFO  NetworkController:25 - Oracle JDBC Driver Registered!
2017-05-22 14:22:55 INFO  Controller:40 - Start session
2017-05-22 14:22:55 ERROR SQLCommandExecuter:175 - Stream has already been closed
